mode: set
github.com/davesavic/chatsavvy/chatsavvy.go:19.52,24.16 4 0
github.com/davesavic/chatsavvy/chatsavvy.go:24.16,26.3 1 0
github.com/davesavic/chatsavvy/chatsavvy.go:28.2,35.8 2 0
github.com/davesavic/chatsavvy/chatsavvy.go:38.36,40.2 1 0
github.com/davesavic/chatsavvy/chatsavvy.go:44.60,46.2 1 0
github.com/davesavic/chatsavvy/cmd/migrate/main.go:12.13,14.19 2 0
github.com/davesavic/chatsavvy/cmd/migrate/main.go:14.19,15.51 1 0
github.com/davesavic/chatsavvy/cmd/migrate/main.go:18.2,19.46 2 0
github.com/davesavic/chatsavvy/cmd/migrate/main.go:19.46,20.67 1 0
github.com/davesavic/chatsavvy/cmd/migrate/main.go:23.2,24.16 2 0
github.com/davesavic/chatsavvy/cmd/migrate/main.go:24.16,25.13 1 0
github.com/davesavic/chatsavvy/cmd/migrate/main.go:27.2,27.15 1 0
github.com/davesavic/chatsavvy/cmd/migrate/main.go:27.15,28.47 1 0
github.com/davesavic/chatsavvy/cmd/migrate/main.go:28.47,29.14 1 0
github.com/davesavic/chatsavvy/cmd/migrate/main.go:33.2,34.16 2 0
github.com/davesavic/chatsavvy/cmd/migrate/main.go:34.16,35.13 1 0
github.com/davesavic/chatsavvy/cmd/migrate/main.go:38.2,39.16 2 0
github.com/davesavic/chatsavvy/cmd/migrate/main.go:39.16,40.13 1 0
github.com/davesavic/chatsavvy/cmd/migrate/main.go:43.2,43.34 1 0
github.com/davesavic/chatsavvy/data/conversation.go:10.46,12.2 1 0
github.com/davesavic/chatsavvy/data/conversation.go:20.49,22.2 1 0
github.com/davesavic/chatsavvy/data/conversation.go:33.46,35.2 1 0
github.com/davesavic/chatsavvy/data/conversation.go:52.42,54.2 1 0
github.com/davesavic/chatsavvy/data/message.go:26.41,27.50 1 1
github.com/davesavic/chatsavvy/data/message.go:27.50,29.3 1 1
github.com/davesavic/chatsavvy/data/message.go:31.2,31.48 1 1
github.com/davesavic/chatsavvy/data/message.go:31.48,33.3 1 1
github.com/davesavic/chatsavvy/data/message.go:35.2,35.12 1 1
github.com/davesavic/chatsavvy/data/message.go:44.44,46.2 1 0
github.com/davesavic/chatsavvy/data/message.go:54.40,56.2 1 0
github.com/davesavic/chatsavvy/data/message.go:69.42,71.2 1 0
github.com/davesavic/chatsavvy/data/message.go:84.36,86.2 1 0
github.com/davesavic/chatsavvy/data/message.go:93.39,95.2 1 0
github.com/davesavic/chatsavvy/data/message.go:102.37,104.2 1 0
github.com/davesavic/chatsavvy/data/message.go:111.39,113.2 1 0
github.com/davesavic/chatsavvy/data/participant.go:10.42,12.2 1 0
github.com/davesavic/chatsavvy/data/participant.go:19.45,21.2 1 0
github.com/davesavic/chatsavvy/data/participant.go:28.45,30.2 1 0
github.com/davesavic/chatsavvy/examples/main.go:12.13,14.16 2 0
github.com/davesavic/chatsavvy/examples/main.go:14.16,15.13 1 0
github.com/davesavic/chatsavvy/examples/main.go:17.2,20.16 3 0
github.com/davesavic/chatsavvy/examples/main.go:20.16,21.13 1 0
github.com/davesavic/chatsavvy/examples/main.go:24.2,109.4 12 0
github.com/davesavic/chatsavvy/migrations/1739673768_create_collections.go:11.66,80.131 2 0
github.com/davesavic/chatsavvy/migrations/1739673768_create_collections.go:80.131,82.3 1 0
github.com/davesavic/chatsavvy/migrations/1739673768_create_collections.go:84.2,156.121 3 0
github.com/davesavic/chatsavvy/migrations/1739673768_create_collections.go:156.121,158.3 1 0
github.com/davesavic/chatsavvy/migrations/1739673768_create_collections.go:160.2,167.12 2 0
github.com/davesavic/chatsavvy/migrations/1739673768_create_collections.go:170.68,171.60 1 0
github.com/davesavic/chatsavvy/migrations/1739673768_create_collections.go:171.60,173.3 1 0
github.com/davesavic/chatsavvy/migrations/1739673768_create_collections.go:175.2,175.65 1 0
github.com/davesavic/chatsavvy/migrations/1739673768_create_collections.go:175.65,177.3 1 0
github.com/davesavic/chatsavvy/migrations/1739673768_create_collections.go:179.2,179.12 1 0
github.com/davesavic/chatsavvy/migrations/1770967803_add_attachments.go:10.66,104.16 3 0
github.com/davesavic/chatsavvy/migrations/1770967803_add_attachments.go:104.16,106.3 1 0
github.com/davesavic/chatsavvy/migrations/1770967803_add_attachments.go:109.2,203.10 2 0
github.com/davesavic/chatsavvy/migrations/1770967803_add_attachments.go:206.68,277.16 3 0
github.com/davesavic/chatsavvy/migrations/1770967803_add_attachments.go:277.16,279.3 1 0
github.com/davesavic/chatsavvy/migrations/1770967803_add_attachments.go:282.2,353.10 2 0
github.com/davesavic/chatsavvy/migrations/1774000000_remove_message_kind_enum.go:10.66,104.2 2 0
github.com/davesavic/chatsavvy/migrations/1774000000_remove_message_kind_enum.go:106.68,200.2 2 0
github.com/davesavic/chatsavvy/migrations/1777000000_add_read_receipts.go:10.66,118.2 2 0
github.com/davesavic/chatsavvy/migrations/1777000000_add_read_receipts.go:120.68,216.2 2 0
github.com/davesavic/chatsavvy/migrations/migrations.go:30.56,31.46 1 0
github.com/davesavic/chatsavvy/migrations/migrations.go:31.46,33.3 1 0
github.com/davesavic/chatsavvy/migrations/migrations.go:35.2,37.38 2 0
github.com/davesavic/chatsavvy/migrations/migrations.go:37.38,38.24 1 0
github.com/davesavic/chatsavvy/migrations/migrations.go:38.24,40.4 1 0
github.com/davesavic/chatsavvy/migrations/migrations.go:40.9,42.4 1 0
github.com/davesavic/chatsavvy/migrations/migrations.go:45.2,48.16 3 0
github.com/davesavic/chatsavvy/migrations/migrations.go:48.16,50.3 1 0
github.com/davesavic/chatsavvy/migrations/migrations.go:52.2,52.25 1 0
github.com/davesavic/chatsavvy/migrations/migrations.go:52.25,53.59 1 0
github.com/davesavic/chatsavvy/migrations/migrations.go:53.59,55.12 2 0
github.com/davesavic/chatsavvy/migrations/migrations.go:58.3,58.62 1 0
github.com/davesavic/chatsavvy/migrations/migrations.go:58.62,60.12 2 0
github.com/davesavic/chatsavvy/migrations/migrations.go:63.3,64.24 2 0
github.com/davesavic/chatsavvy/migrations/migrations.go:64.24,66.4 1 0
github.com/davesavic/chatsavvy/migrations/migrations.go:66.9,68.4 1 0
github.com/davesavic/chatsavvy/migrations/migrations.go:69.3,69.17 1 0
github.com/davesavic/chatsavvy/migrations/migrations.go:69.17,70.14 1 0
github.com/davesavic/chatsavvy/migrations/migrations.go:73.3,73.24 1 0
github.com/davesavic/chatsavvy/migrations/migrations.go:73.24,75.18 2 0
github.com/davesavic/chatsavvy/migrations/migrations.go:75.18,76.15 1 0
github.com/davesavic/chatsavvy/migrations/migrations.go:79.4,79.61 1 0
github.com/davesavic/chatsavvy/migrations/migrations.go:82.3,82.26 1 0
github.com/davesavic/chatsavvy/migrations/migrations.go:82.26,84.18 2 0
github.com/davesavic/chatsavvy/migrations/migrations.go:84.18,85.15 1 0
github.com/davesavic/chatsavvy/migrations/migrations.go:88.4,88.62 1 0
github.com/davesavic/chatsavvy/migrations/migrations.go:91.2,91.12 1 0
github.com/davesavic/chatsavvy/migrations/migrations.go:94.92,98.16 3 0
github.com/davesavic/chatsavvy/migrations/migrations.go:98.16,100.3 1 0
github.com/davesavic/chatsavvy/migrations/migrations.go:102.2,103.23 2 0
github.com/davesavic/chatsavvy/migrations/migrations.go:103.23,105.17 2 0
github.com/davesavic/chatsavvy/migrations/migrations.go:105.17,107.4 1 0
github.com/davesavic/chatsavvy/migrations/migrations.go:110.2,111.16 2 0
github.com/davesavic/chatsavvy/migrations/migrations.go:111.16,112.43 1 0
github.com/davesavic/chatsavvy/migrations/migrations.go:112.43,115.4 2 0
github.com/davesavic/chatsavvy/migrations/migrations.go:117.3,117.18 1 0
github.com/davesavic/chatsavvy/migrations/migrations.go:119.2,121.23 2 0
github.com/davesavic/chatsavvy/migrations/migrations.go:121.23,125.48 2 0
github.com/davesavic/chatsavvy/migrations/migrations.go:125.48,127.4 1 0
github.com/davesavic/chatsavvy/migrations/migrations.go:129.3,129.45 1 0
github.com/davesavic/chatsavvy/migrations/migrations.go:132.2,132.31 1 0
github.com/davesavic/chatsavvy/repository/conversation.go:19.56,21.2 1 0
github.com/davesavic/chatsavvy/repository/conversation.go:23.125,24.37 1 0
github.com/davesavic/chatsavvy/repository/conversation.go:24.37,26.3 1 0
github.com/davesavic/chatsavvy/repository/conversation.go:28.2,29.16 2 0
github.com/davesavic/chatsavvy/repository/conversation.go:29.16,31.3 1 0
github.com/davesavic/chatsavvy/repository/conversation.go:33.2,35.25 2 0
github.com/davesavic/chatsavvy/repository/conversation.go:35.25,36.38 1 0
github.com/davesavic/chatsavvy/repository/conversation.go:36.38,39.4 2 0
github.com/davesavic/chatsavvy/repository/conversation.go:42.2,48.16 3 0
github.com/davesavic/chatsavvy/repository/conversation.go:48.16,50.3 1 0
github.com/davesavic/chatsavvy/repository/conversation.go:52.2,52.23 1 0
github.com/davesavic/chatsavvy/repository/conversation.go:57.134,58.37 1 0
github.com/davesavic/chatsavvy/repository/conversation.go:58.37,60.3 1 0
github.com/davesavic/chatsavvy/repository/conversation.go:62.2,63.43 2 0
github.com/davesavic/chatsavvy/repository/conversation.go:63.43,65.3 1 0
github.com/davesavic/chatsavvy/repository/conversation.go:67.2,70.49 4 0
github.com/davesavic/chatsavvy/repository/conversation.go:70.49,75.3 1 0
github.com/davesavic/chatsavvy/repository/conversation.go:77.2,78.16 2 0
github.com/davesavic/chatsavvy/repository/conversation.go:78.16,80.3 1 0
github.com/davesavic/chatsavvy/repository/conversation.go:81.2,81.12 1 0
github.com/davesavic/chatsavvy/repository/conversation.go:81.12,83.3 1 0
github.com/davesavic/chatsavvy/repository/conversation.go:85.2,86.16 2 0
github.com/davesavic/chatsavvy/repository/conversation.go:86.16,88.3 1 0
github.com/davesavic/chatsavvy/repository/conversation.go:90.2,104.16 4 0
github.com/davesavic/chatsavvy/repository/conversation.go:104.16,106.3 1 0
github.com/davesavic/chatsavvy/repository/conversation.go:108.2,108.27 1 0
github.com/davesavic/chatsavvy/repository/conversation.go:108.27,110.3 1 0
github.com/davesavic/chatsavvy/repository/conversation.go:112.2,114.16 3 0
github.com/davesavic/chatsavvy/repository/conversation.go:114.16,116.3 1 0
github.com/davesavic/chatsavvy/repository/conversation.go:118.2,118.27 1 0
github.com/davesavic/chatsavvy/repository/conversation.go:123.140,125.16 2 0
github.com/davesavic/chatsavvy/repository/conversation.go:125.16,127.3 1 0
github.com/davesavic/chatsavvy/repository/conversation.go:129.2,149.16 6 0
github.com/davesavic/chatsavvy/repository/conversation.go:149.16,151.3 1 0
github.com/davesavic/chatsavvy/repository/conversation.go:153.2,153.27 1 0
github.com/davesavic/chatsavvy/repository/conversation.go:153.27,155.3 1 0
github.com/davesavic/chatsavvy/repository/conversation.go:157.2,159.16 3 0
github.com/davesavic/chatsavvy/repository/conversation.go:159.16,161.3 1 0
github.com/davesavic/chatsavvy/repository/conversation.go:163.2,163.27 1 0
github.com/davesavic/chatsavvy/repository/conversation.go:168.150,172.33 3 0
github.com/davesavic/chatsavvy/repository/conversation.go:172.33,179.3 1 0
github.com/davesavic/chatsavvy/repository/conversation.go:181.2,201.16 4 0
github.com/davesavic/chatsavvy/repository/conversation.go:201.16,202.34 1 0
github.com/davesavic/chatsavvy/repository/conversation.go:202.34,204.4 1 0
github.com/davesavic/chatsavvy/repository/conversation.go:205.3,205.82 1 0
github.com/davesavic/chatsavvy/repository/conversation.go:208.2,208.41 1 0
github.com/davesavic/chatsavvy/repository/conversation.go:213.107,214.37 1 0
github.com/davesavic/chatsavvy/repository/conversation.go:214.37,216.3 1 0
github.com/davesavic/chatsavvy/repository/conversation.go:218.2,219.16 2 0
github.com/davesavic/chatsavvy/repository/conversation.go:219.16,221.3 1 0
github.com/davesavic/chatsavvy/repository/conversation.go:222.2,222.12 1 0
github.com/davesavic/chatsavvy/repository/conversation.go:222.12,224.3 1 0
github.com/davesavic/chatsavvy/repository/conversation.go:226.2,232.16 2 0
github.com/davesavic/chatsavvy/repository/conversation.go:232.16,234.3 1 0
github.com/davesavic/chatsavvy/repository/conversation.go:236.2,238.16 3 0
github.com/davesavic/chatsavvy/repository/conversation.go:238.16,240.3 1 0
github.com/davesavic/chatsavvy/repository/conversation.go:242.2,242.27 1 0
github.com/davesavic/chatsavvy/repository/conversation.go:247.89,249.16 2 0
github.com/davesavic/chatsavvy/repository/conversation.go:249.16,251.3 1 0
github.com/davesavic/chatsavvy/repository/conversation.go:253.2,255.16 3 0
github.com/davesavic/chatsavvy/repository/conversation.go:255.16,256.34 1 0
github.com/davesavic/chatsavvy/repository/conversation.go:256.34,258.4 1 0
github.com/davesavic/chatsavvy/repository/conversation.go:259.3,259.66 1 0
github.com/davesavic/chatsavvy/repository/conversation.go:262.2,262.27 1 0
github.com/davesavic/chatsavvy/repository/conversation.go:267.119,268.37 1 0
github.com/davesavic/chatsavvy/repository/conversation.go:268.37,270.3 1 0
github.com/davesavic/chatsavvy/repository/conversation.go:272.2,277.16 3 0
github.com/davesavic/chatsavvy/repository/conversation.go:277.16,279.3 1 0
github.com/davesavic/chatsavvy/repository/conversation.go:281.2,287.16 3 0
github.com/davesavic/chatsavvy/repository/conversation.go:287.16,289.3 1 0
github.com/davesavic/chatsavvy/repository/conversation.go:290.2,293.56 3 0
github.com/davesavic/chatsavvy/repository/conversation.go:293.56,295.3 1 0
github.com/davesavic/chatsavvy/repository/conversation.go:297.2,297.40 1 0
github.com/davesavic/chatsavvy/repository/conversation.go:302.119,303.37 1 0
github.com/davesavic/chatsavvy/repository/conversation.go:303.37,305.3 1 0
github.com/davesavic/chatsavvy/repository/conversation.go:308.2,309.35 2 0
github.com/davesavic/chatsavvy/repository/conversation.go:309.35,314.3 1 0
github.com/davesavic/chatsavvy/repository/conversation.go:316.2,317.16 2 0
github.com/davesavic/chatsavvy/repository/conversation.go:317.16,319.3 1 0
github.com/davesavic/chatsavvy/repository/conversation.go:321.2,321.13 1 0
github.com/davesavic/chatsavvy/repository/conversation.go:321.13,323.3 1 0
github.com/davesavic/chatsavvy/repository/conversation.go:325.2,325.26 1 0
github.com/davesavic/chatsavvy/repository/conversation.go:333.118,334.37 1 0
github.com/davesavic/chatsavvy/repository/conversation.go:334.37,336.3 1 0
github.com/davesavic/chatsavvy/repository/conversation.go:338.2,340.21 2 0
github.com/davesavic/chatsavvy/repository/conversation.go:341.38,342.38 1 0
github.com/davesavic/chatsavvy/repository/conversation.go:342.38,344.4 1 0
github.com/davesavic/chatsavvy/repository/conversation.go:345.35,346.44 1 0
github.com/davesavic/chatsavvy/repository/conversation.go:349.2,349.23 1 0
github.com/davesavic/chatsavvy/repository/conversation.go:349.23,351.3 1 0
github.com/davesavic/chatsavvy/repository/conversation.go:353.2,358.16 3 0
github.com/davesavic/chatsavvy/repository/conversation.go:358.16,360.3 1 0
github.com/davesavic/chatsavvy/repository/conversation.go:362.2,368.16 3 0
github.com/davesavic/chatsavvy/repository/conversation.go:368.16,370.3 1 0
github.com/davesavic/chatsavvy/repository/conversation.go:371.2,374.56 3 0
github.com/davesavic/chatsavvy/repository/conversation.go:374.56,376.3 1 0
github.com/davesavic/chatsavvy/repository/conversation.go:378.2,378.40 1 0
github.com/davesavic/chatsavvy/repository/conversation.go:383.114,385.16 2 0
github.com/davesavic/chatsavvy/repository/conversation.go:385.16,387.3 1 0
github.com/davesavic/chatsavvy/repository/conversation.go:389.2,401.16 4 0
github.com/davesavic/chatsavvy/repository/conversation.go:401.16,403.3 1 0
github.com/davesavic/chatsavvy/repository/conversation.go:405.2,405.27 1 0
github.com/davesavic/chatsavvy/repository/conversation.go:405.27,407.3 1 0
github.com/davesavic/chatsavvy/repository/conversation.go:409.2,409.12 1 0
github.com/davesavic/chatsavvy/repository/message.go:22.74,27.2 1 0
github.com/davesavic/chatsavvy/repository/message.go:31.115,32.37 1 0
github.com/davesavic/chatsavvy/repository/message.go:32.37,34.3 1 0
github.com/davesavic/chatsavvy/repository/message.go:36.2,37.39 2 0
github.com/davesavic/chatsavvy/repository/message.go:37.39,39.3 1 0
github.com/davesavic/chatsavvy/repository/message.go:41.2,52.16 4 0
github.com/davesavic/chatsavvy/repository/message.go:52.16,54.3 1 0
github.com/davesavic/chatsavvy/repository/message.go:56.2,58.16 3 0
github.com/davesavic/chatsavvy/repository/message.go:58.16,60.3 1 0
github.com/davesavic/chatsavvy/repository/message.go:62.2,63.16 2 0
github.com/davesavic/chatsavvy/repository/message.go:63.16,65.3 1 0
github.com/davesavic/chatsavvy/repository/message.go:67.2,67.22 1 0
github.com/davesavic/chatsavvy/repository/message.go:72.104,73.37 1 0
github.com/davesavic/chatsavvy/repository/message.go:73.37,75.3 1 0
github.com/davesavic/chatsavvy/repository/message.go:77.2,78.31 2 0
github.com/davesavic/chatsavvy/repository/message.go:78.31,80.3 1 0
github.com/davesavic/chatsavvy/repository/message.go:82.2,86.16 4 0
github.com/davesavic/chatsavvy/repository/message.go:86.16,88.3 1 0
github.com/davesavic/chatsavvy/repository/message.go:89.2,92.50 3 0
github.com/davesavic/chatsavvy/repository/message.go:92.50,94.3 1 0
github.com/davesavic/chatsavvy/repository/message.go:96.2,97.16 2 0
github.com/davesavic/chatsavvy/repository/message.go:97.16,99.3 1 0
github.com/davesavic/chatsavvy/repository/message.go:101.2,101.35 1 0
github.com/davesavic/chatsavvy/repository/message.go:108.98,109.37 1 0
github.com/davesavic/chatsavvy/repository/message.go:109.37,111.3 1 0
github.com/davesavic/chatsavvy/repository/message.go:113.2,114.31 2 0
github.com/davesavic/chatsavvy/repository/message.go:114.31,116.3 1 0
github.com/davesavic/chatsavvy/repository/message.go:118.2,122.28 2 0
github.com/davesavic/chatsavvy/repository/message.go:122.28,124.17 2 0
github.com/davesavic/chatsavvy/repository/message.go:124.17,126.4 1 0
github.com/davesavic/chatsavvy/repository/message.go:128.3,128.45 1 0
github.com/davesavic/chatsavvy/repository/message.go:131.2,133.16 3 0
github.com/davesavic/chatsavvy/repository/message.go:133.16,135.3 1 0
github.com/davesavic/chatsavvy/repository/message.go:136.2,139.50 3 0
github.com/davesavic/chatsavvy/repository/message.go:139.50,141.3 1 0
github.com/davesavic/chatsavvy/repository/message.go:143.2,143.22 1 0
github.com/davesavic/chatsavvy/repository/message.go:148.101,149.37 1 0
github.com/davesavic/chatsavvy/repository/message.go:149.37,151.3 1 0
github.com/davesavic/chatsavvy/repository/message.go:152.2,153.16 2 0
github.com/davesavic/chatsavvy/repository/message.go:153.16,155.3 1 0
github.com/davesavic/chatsavvy/repository/message.go:156.2,158.16 3 0
github.com/davesavic/chatsavvy/repository/message.go:158.16,160.3 1 0
github.com/davesavic/chatsavvy/repository/message.go:162.2,162.83 1 0
github.com/davesavic/chatsavvy/repository/message.go:162.83,164.3 1 0
github.com/davesavic/chatsavvy/repository/message.go:166.2,166.25 1 0
github.com/davesavic/chatsavvy/repository/message.go:166.25,169.102 2 0
github.com/davesavic/chatsavvy/repository/message.go:169.102,171.4 1 0
github.com/davesavic/chatsavvy/repository/message.go:173.3,173.29 1 0
github.com/davesavic/chatsavvy/repository/message.go:173.29,178.4 1 0
github.com/davesavic/chatsavvy/repository/message.go:178.9,180.4 1 0
github.com/davesavic/chatsavvy/repository/message.go:182.3,182.46 1 0
github.com/davesavic/chatsavvy/repository/message.go:185.2,185.25 1 0
github.com/davesavic/chatsavvy/repository/message.go:185.25,196.3 2 0
github.com/davesavic/chatsavvy/repository/message.go:198.2,198.87 1 0
github.com/davesavic/chatsavvy/repository/message.go:198.87,200.3 1 0
github.com/davesavic/chatsavvy/repository/message.go:202.2,208.16 3 0
github.com/davesavic/chatsavvy/repository/message.go:208.16,210.3 1 0
github.com/davesavic/chatsavvy/repository/message.go:211.2,211.27 1 0
github.com/davesavic/chatsavvy/repository/message.go:211.27,213.3 1 0
github.com/davesavic/chatsavvy/repository/message.go:214.2,214.22 1 0
github.com/davesavic/chatsavvy/repository/message.go:220.94,221.37 1 0
github.com/davesavic/chatsavvy/repository/message.go:221.37,223.3 1 0
github.com/davesavic/chatsavvy/repository/message.go:225.2,226.16 2 0
github.com/davesavic/chatsavvy/repository/message.go:226.16,228.3 1 0
github.com/davesavic/chatsavvy/repository/message.go:230.2,231.16 2 0
github.com/davesavic/chatsavvy/repository/message.go:231.16,233.3 1 0
github.com/davesavic/chatsavvy/repository/message.go:235.2,237.16 3 0
github.com/davesavic/chatsavvy/repository/message.go:237.16,239.3 1 0
github.com/davesavic/chatsavvy/repository/message.go:241.2,241.54 1 0
github.com/davesavic/chatsavvy/repository/message.go:241.54,243.3 1 0
github.com/davesavic/chatsavvy/repository/message.go:245.2,246.16 2 0
github.com/davesavic/chatsavvy/repository/message.go:246.16,248.3 1 0
github.com/davesavic/chatsavvy/repository/message.go:249.2,249.17 1 0
github.com/davesavic/chatsavvy/repository/message.go:249.17,251.3 1 0
github.com/davesavic/chatsavvy/repository/message.go:253.2,254.38 2 0
github.com/davesavic/chatsavvy/repository/message.go:254.38,255.25 1 0
github.com/davesavic/chatsavvy/repository/message.go:255.25,256.12 1 0
github.com/davesavic/chatsavvy/repository/message.go:258.3,258.102 1 0
github.com/davesavic/chatsavvy/repository/message.go:258.102,260.9 2 0
github.com/davesavic/chatsavvy/repository/message.go:263.2,263.14 1 0
github.com/davesavic/chatsavvy/repository/message.go:263.14,265.3 1 0
github.com/davesavic/chatsavvy/repository/message.go:267.2,294.16 5 0
github.com/davesavic/chatsavvy/repository/message.go:294.16,296.3 1 0
github.com/davesavic/chatsavvy/repository/message.go:297.2,297.27 1 0
github.com/davesavic/chatsavvy/repository/message.go:297.27,299.3 1 0
github.com/davesavic/chatsavvy/repository/message.go:301.2,302.16 2 0
github.com/davesavic/chatsavvy/repository/message.go:302.16,304.3 1 0
github.com/davesavic/chatsavvy/repository/message.go:305.2,305.20 1 0
github.com/davesavic/chatsavvy/repository/message.go:305.20,307.3 1 0
github.com/davesavic/chatsavvy/repository/message.go:309.2,309.21 1 0
github.com/davesavic/chatsavvy/repository/message.go:314.100,315.37 1 0
github.com/davesavic/chatsavvy/repository/message.go:315.37,317.3 1 0
github.com/davesavic/chatsavvy/repository/message.go:319.2,322.16 4 0
github.com/davesavic/chatsavvy/repository/message.go:322.16,323.34 1 0
github.com/davesavic/chatsavvy/repository/message.go:323.34,325.19 2 0
github.com/davesavic/chatsavvy/repository/message.go:325.19,327.5 1 0
github.com/davesavic/chatsavvy/repository/message.go:328.4,328.19 1 0
github.com/davesavic/chatsavvy/repository/message.go:328.19,330.5 1 0
github.com/davesavic/chatsavvy/repository/message.go:331.4,331.20 1 0
github.com/davesavic/chatsavvy/repository/message.go:333.3,333.72 1 0
github.com/davesavic/chatsavvy/repository/message.go:336.2,340.4 1 0
github.com/davesavic/chatsavvy/repository/message.go:346.96,347.37 1 0
github.com/davesavic/chatsavvy/repository/message.go:347.37,349.3 1 0
github.com/davesavic/chatsavvy/repository/message.go:351.2,351.66 1 0
github.com/davesavic/chatsavvy/repository/message.go:351.66,353.3 1 0
github.com/davesavic/chatsavvy/repository/message.go:355.2,356.16 2 0
github.com/davesavic/chatsavvy/repository/message.go:356.16,358.3 1 0
github.com/davesavic/chatsavvy/repository/message.go:360.2,361.16 2 0
github.com/davesavic/chatsavvy/repository/message.go:361.16,363.3 1 0
github.com/davesavic/chatsavvy/repository/message.go:364.2,364.17 1 0
github.com/davesavic/chatsavvy/repository/message.go:364.17,366.3 1 0
github.com/davesavic/chatsavvy/repository/message.go:368.2,369.38 2 0
github.com/davesavic/chatsavvy/repository/message.go:369.38,370.25 1 0
github.com/davesavic/chatsavvy/repository/message.go:370.25,371.12 1 0
github.com/davesavic/chatsavvy/repository/message.go:373.3,373.33 1 0
github.com/davesavic/chatsavvy/repository/message.go:373.33,374.12 1 0
github.com/davesavic/chatsavvy/repository/message.go:376.3,376.68 1 0
github.com/davesavic/chatsavvy/repository/message.go:376.68,378.4 1 0
github.com/davesavic/chatsavvy/repository/message.go:381.2,381.21 1 0
github.com/davesavic/chatsavvy/repository/message.go:386.85,387.37 1 0
github.com/davesavic/chatsavvy/repository/message.go:387.37,389.3 1 0
github.com/davesavic/chatsavvy/repository/message.go:391.2,392.16 2 0
github.com/davesavic/chatsavvy/repository/message.go:392.16,394.3 1 0
github.com/davesavic/chatsavvy/repository/message.go:395.2,395.17 1 0
github.com/davesavic/chatsavvy/repository/message.go:395.17,397.3 1 0
github.com/davesavic/chatsavvy/repository/message.go:399.2,400.38 2 0
github.com/davesavic/chatsavvy/repository/message.go:400.38,401.102 1 0
github.com/davesavic/chatsavvy/repository/message.go:401.102,403.9 2 0
github.com/davesavic/chatsavvy/repository/message.go:406.2,406.44 1 0
github.com/davesavic/chatsavvy/repository/message.go:406.44,408.3 1 0
github.com/davesavic/chatsavvy/repository/message.go:410.2,411.36 2 0
github.com/davesavic/chatsavvy/repository/message.go:411.36,413.3 1 0
github.com/davesavic/chatsavvy/repository/message.go:415.2,416.16 2 0
github.com/davesavic/chatsavvy/repository/message.go:416.16,418.3 1 0
github.com/davesavic/chatsavvy/repository/message.go:420.2,420.25 1 0
github.com/davesavic/chatsavvy/repository/message.go:423.42,424.22 1 0
github.com/davesavic/chatsavvy/repository/message.go:424.22,426.3 1 0
github.com/davesavic/chatsavvy/repository/message.go:427.2,427.25 1 0
github.com/davesavic/chatsavvy/repository/message.go:427.25,429.34 2 0
github.com/davesavic/chatsavvy/repository/message.go:429.34,431.4 1 0
github.com/davesavic/chatsavvy/repository/message.go:433.2,433.13 1 0
github.com/davesavic/chatsavvy/repository/message.go:436.33,437.24 1 0
github.com/davesavic/chatsavvy/repository/message.go:438.11,440.24 2 0
github.com/davesavic/chatsavvy/repository/message.go:441.15,443.24 2 0
github.com/davesavic/chatsavvy/repository/message.go:444.14,446.24 2 0
github.com/davesavic/chatsavvy/repository/message.go:447.12,449.24 2 0
github.com/davesavic/chatsavvy/repository/message.go:450.22,452.33 2 0
github.com/davesavic/chatsavvy/repository/message.go:453.10,454.15 1 0
github.com/davesavic/chatsavvy/testutil/db.go:11.67,15.16 3 0
github.com/davesavic/chatsavvy/testutil/db.go:15.16,17.3 1 0
github.com/davesavic/chatsavvy/testutil/db.go:19.2,22.15 3 0
github.com/davesavic/chatsavvy/cmd/migrate/main.go:12.13,14.19 2 0
github.com/davesavic/chatsavvy/cmd/migrate/main.go:14.19,15.51 1 0
github.com/davesavic/chatsavvy/cmd/migrate/main.go:18.2,19.46 2 0
github.com/davesavic/chatsavvy/cmd/migrate/main.go:19.46,20.67 1 0
github.com/davesavic/chatsavvy/cmd/migrate/main.go:23.2,24.16 2 0
github.com/davesavic/chatsavvy/cmd/migrate/main.go:24.16,25.13 1 0
github.com/davesavic/chatsavvy/cmd/migrate/main.go:27.2,27.15 1 0
github.com/davesavic/chatsavvy/cmd/migrate/main.go:27.15,28.47 1 0
github.com/davesavic/chatsavvy/cmd/migrate/main.go:28.47,29.14 1 0
github.com/davesavic/chatsavvy/cmd/migrate/main.go:33.2,34.16 2 0
github.com/davesavic/chatsavvy/cmd/migrate/main.go:34.16,35.13 1 0
github.com/davesavic/chatsavvy/cmd/migrate/main.go:38.2,39.16 2 0
github.com/davesavic/chatsavvy/cmd/migrate/main.go:39.16,40.13 1 0
github.com/davesavic/chatsavvy/cmd/migrate/main.go:43.2,43.34 1 0
github.com/davesavic/chatsavvy/chatsavvy.go:19.52,24.16 4 0
github.com/davesavic/chatsavvy/chatsavvy.go:24.16,26.3 1 0
github.com/davesavic/chatsavvy/chatsavvy.go:28.2,35.8 2 0
github.com/davesavic/chatsavvy/chatsavvy.go:38.36,40.2 1 0
github.com/davesavic/chatsavvy/chatsavvy.go:44.60,46.2 1 0
github.com/davesavic/chatsavvy/migrations/1739673768_create_collections.go:11.66,80.131 2 0
github.com/davesavic/chatsavvy/migrations/1739673768_create_collections.go:80.131,82.3 1 0
github.com/davesavic/chatsavvy/migrations/1739673768_create_collections.go:84.2,156.121 3 0
github.com/davesavic/chatsavvy/migrations/1739673768_create_collections.go:156.121,158.3 1 0
github.com/davesavic/chatsavvy/migrations/1739673768_create_collections.go:160.2,167.12 2 0
github.com/davesavic/chatsavvy/migrations/1739673768_create_collections.go:170.68,171.60 1 0
github.com/davesavic/chatsavvy/migrations/1739673768_create_collections.go:171.60,173.3 1 0
github.com/davesavic/chatsavvy/migrations/1739673768_create_collections.go:175.2,175.65 1 0
github.com/davesavic/chatsavvy/migrations/1739673768_create_collections.go:175.65,177.3 1 0
github.com/davesavic/chatsavvy/migrations/1739673768_create_collections.go:179.2,179.12 1 0
github.com/davesavic/chatsavvy/migrations/1770967803_add_attachments.go:10.66,104.16 3 0
github.com/davesavic/chatsavvy/migrations/1770967803_add_attachments.go:104.16,106.3 1 0
github.com/davesavic/chatsavvy/migrations/1770967803_add_attachments.go:109.2,203.10 2 0
github.com/davesavic/chatsavvy/migrations/1770967803_add_attachments.go:206.68,277.16 3 0
github.com/davesavic/chatsavvy/migrations/1770967803_add_attachments.go:277.16,279.3 1 0
github.com/davesavic/chatsavvy/migrations/1770967803_add_attachments.go:282.2,353.10 2 0
github.com/davesavic/chatsavvy/migrations/1774000000_remove_message_kind_enum.go:10.66,104.2 2 0
github.com/davesavic/chatsavvy/migrations/1774000000_remove_message_kind_enum.go:106.68,200.2 2 0
github.com/davesavic/chatsavvy/migrations/1777000000_add_read_receipts.go:10.66,118.2 2 0
github.com/davesavic/chatsavvy/migrations/1777000000_add_read_receipts.go:120.68,216.2 2 0
github.com/davesavic/chatsavvy/migrations/migrations.go:30.56,31.46 1 0
github.com/davesavic/chatsavvy/migrations/migrations.go:31.46,33.3 1 0
github.com/davesavic/chatsavvy/migrations/migrations.go:35.2,37.38 2 0
github.com/davesavic/chatsavvy/migrations/migrations.go:37.38,38.24 1 0
github.com/davesavic/chatsavvy/migrations/migrations.go:38.24,40.4 1 0
github.com/davesavic/chatsavvy/migrations/migrations.go:40.9,42.4 1 0
github.com/davesavic/chatsavvy/migrations/migrations.go:45.2,48.16 3 0
github.com/davesavic/chatsavvy/migrations/migrations.go:48.16,50.3 1 0
github.com/davesavic/chatsavvy/migrations/migrations.go:52.2,52.25 1 0
github.com/davesavic/chatsavvy/migrations/migrations.go:52.25,53.59 1 0
github.com/davesavic/chatsavvy/migrations/migrations.go:53.59,55.12 2 0
github.com/davesavic/chatsavvy/migrations/migrations.go:58.3,58.62 1 0
github.com/davesavic/chatsavvy/migrations/migrations.go:58.62,60.12 2 0
github.com/davesavic/chatsavvy/migrations/migrations.go:63.3,64.24 2 0
github.com/davesavic/chatsavvy/migrations/migrations.go:64.24,66.4 1 0
github.com/davesavic/chatsavvy/migrations/migrations.go:66.9,68.4 1 0
github.com/davesavic/chatsavvy/migrations/migrations.go:69.3,69.17 1 0
github.com/davesavic/chatsavvy/migrations/migrations.go:69.17,70.14 1 0
github.com/davesavic/chatsavvy/migrations/migrations.go:73.3,73.24 1 0
github.com/davesavic/chatsavvy/migrations/migrations.go:73.24,75.18 2 0
github.com/davesavic/chatsavvy/migrations/migrations.go:75.18,76.15 1 0
github.com/davesavic/chatsavvy/migrations/migrations.go:79.4,79.61 1 0
github.com/davesavic/chatsavvy/migrations/migrations.go:82.3,82.26 1 0
github.com/davesavic/chatsavvy/migrations/migrations.go:82.26,84.18 2 0
github.com/davesavic/chatsavvy/migrations/migrations.go:84.18,85.15 1 0
github.com/davesavic/chatsavvy/migrations/migrations.go:88.4,88.62 1 0
github.com/davesavic/chatsavvy/migrations/migrations.go:91.2,91.12 1 0
github.com/davesavic/chatsavvy/migrations/migrations.go:94.92,98.16 3 0
github.com/davesavic/chatsavvy/migrations/migrations.go:98.16,100.3 1 0
github.com/davesavic/chatsavvy/migrations/migrations.go:102.2,103.23 2 0
github.com/davesavic/chatsavvy/migrations/migrations.go:103.23,105.17 2 0
github.com/davesavic/chatsavvy/migrations/migrations.go:105.17,107.4 1 0
github.com/davesavic/chatsavvy/migrations/migrations.go:110.2,111.16 2 0
github.com/davesavic/chatsavvy/migrations/migrations.go:111.16,112.43 1 0
github.com/davesavic/chatsavvy/migrations/migrations.go:112.43,115.4 2 0
github.com/davesavic/chatsavvy/migrations/migrations.go:117.3,117.18 1 0
github.com/davesavic/chatsavvy/migrations/migrations.go:119.2,121.23 2 0
github.com/davesavic/chatsavvy/migrations/migrations.go:121.23,125.48 2 0
github.com/davesavic/chatsavvy/migrations/migrations.go:125.48,127.4 1 0
github.com/davesavic/chatsavvy/migrations/migrations.go:129.3,129.45 1 0
github.com/davesavic/chatsavvy/migrations/migrations.go:132.2,132.31 1 0
github.com/davesavic/chatsavvy/examples/main.go:12.13,14.16 2 0
github.com/davesavic/chatsavvy/examples/main.go:14.16,15.13 1 0
github.com/davesavic/chatsavvy/examples/main.go:17.2,20.16 3 0
github.com/davesavic/chatsavvy/examples/main.go:20.16,21.13 1 0
github.com/davesavic/chatsavvy/examples/main.go:24.2,145.4 16 0
github.com/davesavic/chatsavvy/testutil/db.go:11.67,15.16 3 0
github.com/davesavic/chatsavvy/testutil/db.go:15.16,17.3 1 0
github.com/davesavic/chatsavvy/testutil/db.go:19.2,22.15 3 0
github.com/davesavic/chatsavvy/chatsavvy.go:19.52,24.16 4 0
github.com/davesavic/chatsavvy/chatsavvy.go:24.16,26.3 1 0
github.com/davesavic/chatsavvy/chatsavvy.go:28.2,35.8 2 0
github.com/davesavic/chatsavvy/chatsavvy.go:38.36,40.2 1 0
github.com/davesavic/chatsavvy/chatsavvy.go:44.60,46.2 1 0
github.com/davesavic/chatsavvy/cmd/migrate/main.go:12.13,14.19 2 0
github.com/davesavic/chatsavvy/cmd/migrate/main.go:14.19,15.51 1 0
github.com/davesavic/chatsavvy/cmd/migrate/main.go:18.2,19.46 2 0
github.com/davesavic/chatsavvy/cmd/migrate/main.go:19.46,20.67 1 0
github.com/davesavic/chatsavvy/cmd/migrate/main.go:23.2,24.16 2 0
github.com/davesavic/chatsavvy/cmd/migrate/main.go:24.16,25.13 1 0
github.com/davesavic/chatsavvy/cmd/migrate/main.go:27.2,27.15 1 0
github.com/davesavic/chatsavvy/cmd/migrate/main.go:27.15,28.47 1 0
github.com/davesavic/chatsavvy/cmd/migrate/main.go:28.47,29.14 1 0
github.com/davesavic/chatsavvy/cmd/migrate/main.go:33.2,34.16 2 0
github.com/davesavic/chatsavvy/cmd/migrate/main.go:34.16,35.13 1 0
github.com/davesavic/chatsavvy/cmd/migrate/main.go:38.2,39.16 2 0
github.com/davesavic/chatsavvy/cmd/migrate/main.go:39.16,40.13 1 0
github.com/davesavic/chatsavvy/cmd/migrate/main.go:43.2,43.34 1 0
github.com/davesavic/chatsavvy/data/conversation.go:10.46,12.2 1 1
github.com/davesavic/chatsavvy/data/conversation.go:20.49,22.2 1 1
github.com/davesavic/chatsavvy/data/conversation.go:33.46,35.2 1 1
github.com/davesavic/chatsavvy/data/conversation.go:52.42,54.2 1 1
github.com/davesavic/chatsavvy/data/message.go:26.41,27.50 1 1
github.com/davesavic/chatsavvy/data/message.go:27.50,29.3 1 0
github.com/davesavic/chatsavvy/data/message.go:31.2,31.48 1 1
github.com/davesavic/chatsavvy/data/message.go:31.48,33.3 1 1
github.com/davesavic/chatsavvy/data/message.go:35.2,35.12 1 1
github.com/davesavic/chatsavvy/data/message.go:44.44,46.2 1 1
github.com/davesavic/chatsavvy/data/message.go:54.40,56.2 1 1
github.com/davesavic/chatsavvy/data/message.go:69.42,71.2 1 1
github.com/davesavic/chatsavvy/data/message.go:84.36,86.2 1 1
github.com/davesavic/chatsavvy/data/message.go:93.39,95.2 1 1
github.com/davesavic/chatsavvy/data/message.go:102.37,104.2 1 1
github.com/davesavic/chatsavvy/data/message.go:111.39,113.2 1 1
github.com/davesavic/chatsavvy/data/participant.go:10.42,12.2 1 1
github.com/davesavic/chatsavvy/data/participant.go:19.45,21.2 1 0
github.com/davesavic/chatsavvy/data/participant.go:28.45,30.2 1 1
github.com/davesavic/chatsavvy/examples/main.go:12.13,14.16 2 0
github.com/davesavic/chatsavvy/examples/main.go:14.16,15.13 1 0
github.com/davesavic/chatsavvy/examples/main.go:17.2,20.16 3 0
github.com/davesavic/chatsavvy/examples/main.go:20.16,21.13 1 0
github.com/davesavic/chatsavvy/examples/main.go:24.2,145.4 16 0
github.com/davesavic/chatsavvy/migrations/1739673768_create_collections.go:11.66,80.131 2 1
github.com/davesavic/chatsavvy/migrations/1739673768_create_collections.go:80.131,82.3 1 0
github.com/davesavic/chatsavvy/migrations/1739673768_create_collections.go:84.2,156.121 3 1
github.com/davesavic/chatsavvy/migrations/1739673768_create_collections.go:156.121,158.3 1 0
github.com/davesavic/chatsavvy/migrations/1739673768_create_collections.go:160.2,167.12 2 1
github.com/davesavic/chatsavvy/migrations/1739673768_create_collections.go:170.68,171.60 1 1
github.com/davesavic/chatsavvy/migrations/1739673768_create_collections.go:171.60,173.3 1 0
github.com/davesavic/chatsavvy/migrations/1739673768_create_collections.go:175.2,175.65 1 1
github.com/davesavic/chatsavvy/migrations/1739673768_create_collections.go:175.65,177.3 1 0
github.com/davesavic/chatsavvy/migrations/1739673768_create_collections.go:179.2,179.12 1 1
github.com/davesavic/chatsavvy/migrations/1770967803_add_attachments.go:10.66,104.16 3 1
github.com/davesavic/chatsavvy/migrations/1770967803_add_attachments.go:104.16,106.3 1 0
github.com/davesavic/chatsavvy/migrations/1770967803_add_attachments.go:109.2,203.10 2 1
github.com/davesavic/chatsavvy/migrations/1770967803_add_attachments.go:206.68,277.16 3 1
github.com/davesavic/chatsavvy/migrations/1770967803_add_attachments.go:277.16,279.3 1 0
github.com/davesavic/chatsavvy/migrations/1770967803_add_attachments.go:282.2,353.10 2 1
github.com/davesavic/chatsavvy/migrations/1774000000_remove_message_kind_enum.go:10.66,104.2 2 1
github.com/davesavic/chatsavvy/migrations/1774000000_remove_message_kind_enum.go:106.68,200.2 2 1
github.com/davesavic/chatsavvy/migrations/1777000000_add_read_receipts.go:10.66,118.2 2 1
github.com/davesavic/chatsavvy/migrations/1777000000_add_read_receipts.go:120.68,216.2 2 1
github.com/davesavic/chatsavvy/migrations/migrations.go:30.56,31.46 1 1
github.com/davesavic/chatsavvy/migrations/migrations.go:31.46,33.3 1 0
github.com/davesavic/chatsavvy/migrations/migrations.go:35.2,37.38 2 1
github.com/davesavic/chatsavvy/migrations/migrations.go:37.38,38.24 1 1
github.com/davesavic/chatsavvy/migrations/migrations.go:38.24,40.4 1 1
github.com/davesavic/chatsavvy/migrations/migrations.go:40.9,42.4 1 1
github.com/davesavic/chatsavvy/migrations/migrations.go:45.2,48.16 3 1
github.com/davesavic/chatsavvy/migrations/migrations.go:48.16,50.3 1 0
github.com/davesavic/chatsavvy/migrations/migrations.go:52.2,52.25 1 1
github.com/davesavic/chatsavvy/migrations/migrations.go:52.25,53.59 1 1
github.com/davesavic/chatsavvy/migrations/migrations.go:53.59,55.12 2 0
github.com/davesavic/chatsavvy/migrations/migrations.go:58.3,58.62 1 1
github.com/davesavic/chatsavvy/migrations/migrations.go:58.62,60.12 2 0
github.com/davesavic/chatsavvy/migrations/migrations.go:63.3,64.24 2 1
github.com/davesavic/chatsavvy/migrations/migrations.go:64.24,66.4 1 1
github.com/davesavic/chatsavvy/migrations/migrations.go:66.9,68.4 1 1
github.com/davesavic/chatsavvy/migrations/migrations.go:69.3,69.17 1 1
github.com/davesavic/chatsavvy/migrations/migrations.go:69.17,70.14 1 0
github.com/davesavic/chatsavvy/migrations/migrations.go:73.3,73.24 1 1
github.com/davesavic/chatsavvy/migrations/migrations.go:73.24,75.18 2 1
github.com/davesavic/chatsavvy/migrations/migrations.go:75.18,76.15 1 0
github.com/davesavic/chatsavvy/migrations/migrations.go:79.4,79.61 1 1
github.com/davesavic/chatsavvy/migrations/migrations.go:82.3,82.26 1 1
github.com/davesavic/chatsavvy/migrations/migrations.go:82.26,84.18 2 1
github.com/davesavic/chatsavvy/migrations/migrations.go:84.18,85.15 1 0
github.com/davesavic/chatsavvy/migrations/migrations.go:88.4,88.62 1 1
github.com/davesavic/chatsavvy/migrations/migrations.go:91.2,91.12 1 1
github.com/davesavic/chatsavvy/migrations/migrations.go:94.92,98.16 3 1
github.com/davesavic/chatsavvy/migrations/migrations.go:98.16,100.3 1 0
github.com/davesavic/chatsavvy/migrations/migrations.go:102.2,103.23 2 1
github.com/davesavic/chatsavvy/migrations/migrations.go:103.23,105.17 2 0
github.com/davesavic/chatsavvy/migrations/migrations.go:105.17,107.4 1 0
github.com/davesavic/chatsavvy/migrations/migrations.go:110.2,111.16 2 1
github.com/davesavic/chatsavvy/migrations/migrations.go:111.16,112.43 1 0
github.com/davesavic/chatsavvy/migrations/migrations.go:112.43,115.4 2 0
github.com/davesavic/chatsavvy/migrations/migrations.go:117.3,117.18 1 0
github.com/davesavic/chatsavvy/migrations/migrations.go:119.2,121.23 2 1
github.com/davesavic/chatsavvy/migrations/migrations.go:121.23,125.48 2 1
github.com/davesavic/chatsavvy/migrations/migrations.go:125.48,127.4 1 0
github.com/davesavic/chatsavvy/migrations/migrations.go:129.3,129.45 1 1
github.com/davesavic/chatsavvy/migrations/migrations.go:132.2,132.31 1 1
github.com/davesavic/chatsavvy/repository/conversation.go:19.56,21.2 1 1
github.com/davesavic/chatsavvy/repository/conversation.go:23.125,24.37 1 1
github.com/davesavic/chatsavvy/repository/conversation.go:24.37,26.3 1 0
github.com/davesavic/chatsavvy/repository/conversation.go:28.2,29.16 2 1
github.com/davesavic/chatsavvy/repository/conversation.go:29.16,31.3 1 0
github.com/davesavic/chatsavvy/repository/conversation.go:33.2,35.25 2 1
github.com/davesavic/chatsavvy/repository/conversation.go:35.25,36.38 1 1
github.com/davesavic/chatsavvy/repository/conversation.go:36.38,39.4 2 1
github.com/davesavic/chatsavvy/repository/conversation.go:42.2,48.16 3 1
github.com/davesavic/chatsavvy/repository/conversation.go:48.16,50.3 1 0
github.com/davesavic/chatsavvy/repository/conversation.go:52.2,52.23 1 1
github.com/davesavic/chatsavvy/repository/conversation.go:57.134,58.37 1 1
github.com/davesavic/chatsavvy/repository/conversation.go:58.37,60.3 1 0
github.com/davesavic/chatsavvy/repository/conversation.go:62.2,63.43 2 1
github.com/davesavic/chatsavvy/repository/conversation.go:63.43,65.3 1 0
github.com/davesavic/chatsavvy/repository/conversation.go:67.2,70.49 4 1
github.com/davesavic/chatsavvy/repository/conversation.go:70.49,75.3 1 1
github.com/davesavic/chatsavvy/repository/conversation.go:77.2,78.16 2 1
github.com/davesavic/chatsavvy/repository/conversation.go:78.16,80.3 1 0
github.com/davesavic/chatsavvy/repository/conversation.go:81.2,81.12 1 1
github.com/davesavic/chatsavvy/repository/conversation.go:81.12,83.3 1 1
github.com/davesavic/chatsavvy/repository/conversation.go:85.2,86.16 2 1
github.com/davesavic/chatsavvy/repository/conversation.go:86.16,88.3 1 0
github.com/davesavic/chatsavvy/repository/conversation.go:90.2,104.16 4 1
github.com/davesavic/chatsavvy/repository/conversation.go:104.16,106.3 1 0
github.com/davesavic/chatsavvy/repository/conversation.go:108.2,108.27 1 1
github.com/davesavic/chatsavvy/repository/conversation.go:108.27,110.3 1 0
github.com/davesavic/chatsavvy/repository/conversation.go:112.2,114.16 3 1
github.com/davesavic/chatsavvy/repository/conversation.go:114.16,116.3 1 0
github.com/davesavic/chatsavvy/repository/conversation.go:118.2,118.27 1 1
github.com/davesavic/chatsavvy/repository/conversation.go:123.140,125.16 2 1
github.com/davesavic/chatsavvy/repository/conversation.go:125.16,127.3 1 0
github.com/davesavic/chatsavvy/repository/conversation.go:129.2,149.16 6 1
github.com/davesavic/chatsavvy/repository/conversation.go:149.16,151.3 1 0
github.com/davesavic/chatsavvy/repository/conversation.go:153.2,153.27 1 1
github.com/davesavic/chatsavvy/repository/conversation.go:153.27,155.3 1 0
github.com/davesavic/chatsavvy/repository/conversation.go:157.2,159.16 3 1
github.com/davesavic/chatsavvy/repository/conversation.go:159.16,161.3 1 0
github.com/davesavic/chatsavvy/repository/conversation.go:163.2,163.27 1 1
github.com/davesavic/chatsavvy/repository/conversation.go:168.150,172.33 3 1
github.com/davesavic/chatsavvy/repository/conversation.go:172.33,179.3 1 1
github.com/davesavic/chatsavvy/repository/conversation.go:181.2,201.16 4 1
github.com/davesavic/chatsavvy/repository/conversation.go:201.16,202.34 1 1
github.com/davesavic/chatsavvy/repository/conversation.go:202.34,204.4 1 1
github.com/davesavic/chatsavvy/repository/conversation.go:205.3,205.82 1 0
github.com/davesavic/chatsavvy/repository/conversation.go:208.2,208.41 1 1
github.com/davesavic/chatsavvy/repository/conversation.go:213.107,214.37 1 1
github.com/davesavic/chatsavvy/repository/conversation.go:214.37,216.3 1 1
github.com/davesavic/chatsavvy/repository/conversation.go:218.2,219.16 2 1
github.com/davesavic/chatsavvy/repository/conversation.go:219.16,221.3 1 0
github.com/davesavic/chatsavvy/repository/conversation.go:222.2,222.12 1 1
github.com/davesavic/chatsavvy/repository/conversation.go:222.12,224.3 1 1
github.com/davesavic/chatsavvy/repository/conversation.go:226.2,232.16 2 1
github.com/davesavic/chatsavvy/repository/conversation.go:232.16,234.3 1 0
github.com/davesavic/chatsavvy/repository/conversation.go:236.2,238.16 3 1
github.com/davesavic/chatsavvy/repository/conversation.go:238.16,240.3 1 0
github.com/davesavic/chatsavvy/repository/conversation.go:242.2,242.27 1 1
github.com/davesavic/chatsavvy/repository/conversation.go:247.89,249.16 2 1
github.com/davesavic/chatsavvy/repository/conversation.go:249.16,251.3 1 1
github.com/davesavic/chatsavvy/repository/conversation.go:253.2,255.16 3 1
github.com/davesavic/chatsavvy/repository/conversation.go:255.16,256.34 1 1
github.com/davesavic/chatsavvy/repository/conversation.go:256.34,258.4 1 1
github.com/davesavic/chatsavvy/repository/conversation.go:259.3,259.66 1 0
github.com/davesavic/chatsavvy/repository/conversation.go:262.2,262.27 1 1
github.com/davesavic/chatsavvy/repository/conversation.go:267.119,268.37 1 1
github.com/davesavic/chatsavvy/repository/conversation.go:268.37,270.3 1 1
github.com/davesavic/chatsavvy/repository/conversation.go:272.2,277.16 3 1
github.com/davesavic/chatsavvy/repository/conversation.go:277.16,279.3 1 0
github.com/davesavic/chatsavvy/repository/conversation.go:281.2,287.16 3 1
github.com/davesavic/chatsavvy/repository/conversation.go:287.16,289.3 1 0
github.com/davesavic/chatsavvy/repository/conversation.go:290.2,293.56 3 1
github.com/davesavic/chatsavvy/repository/conversation.go:293.56,295.3 1 0
github.com/davesavic/chatsavvy/repository/conversation.go:297.2,297.40 1 1
github.com/davesavic/chatsavvy/repository/conversation.go:302.119,303.37 1 1
github.com/davesavic/chatsavvy/repository/conversation.go:303.37,305.3 1 1
github.com/davesavic/chatsavvy/repository/conversation.go:308.2,309.35 2 1
github.com/davesavic/chatsavvy/repository/conversation.go:309.35,314.3 1 1
github.com/davesavic/chatsavvy/repository/conversation.go:316.2,317.16 2 1
github.com/davesavic/chatsavvy/repository/conversation.go:317.16,319.3 1 0
github.com/davesavic/chatsavvy/repository/conversation.go:321.2,321.13 1 1
github.com/davesavic/chatsavvy/repository/conversation.go:321.13,323.3 1 1
github.com/davesavic/chatsavvy/repository/conversation.go:325.2,325.26 1 1
github.com/davesavic/chatsavvy/repository/conversation.go:333.118,334.37 1 1
github.com/davesavic/chatsavvy/repository/conversation.go:334.37,336.3 1 1
github.com/davesavic/chatsavvy/repository/conversation.go:338.2,340.21 2 1
github.com/davesavic/chatsavvy/repository/conversation.go:341.38,342.38 1 1
github.com/davesavic/chatsavvy/repository/conversation.go:342.38,344.4 1 1
github.com/davesavic/chatsavvy/repository/conversation.go:345.35,346.44 1 1
github.com/davesavic/chatsavvy/repository/conversation.go:349.2,349.23 1 1
github.com/davesavic/chatsavvy/repository/conversation.go:349.23,351.3 1 1
github.com/davesavic/chatsavvy/repository/conversation.go:353.2,358.16 3 1
github.com/davesavic/chatsavvy/repository/conversation.go:358.16,360.3 1 0
github.com/davesavic/chatsavvy/repository/conversation.go:362.2,368.16 3 1
github.com/davesavic/chatsavvy/repository/conversation.go:368.16,370.3 1 0
github.com/davesavic/chatsavvy/repository/conversation.go:371.2,374.56 3 1
github.com/davesavic/chatsavvy/repository/conversation.go:374.56,376.3 1 0
github.com/davesavic/chatsavvy/repository/conversation.go:378.2,378.40 1 1
github.com/davesavic/chatsavvy/repository/conversation.go:383.114,385.16 2 1
github.com/davesavic/chatsavvy/repository/conversation.go:385.16,387.3 1 0
github.com/davesavic/chatsavvy/repository/conversation.go:389.2,401.16 4 1
github.com/davesavic/chatsavvy/repository/conversation.go:401.16,403.3 1 0
github.com/davesavic/chatsavvy/repository/conversation.go:405.2,405.27 1 1
github.com/davesavic/chatsavvy/repository/conversation.go:405.27,407.3 1 0
github.com/davesavic/chatsavvy/repository/conversation.go:409.2,409.12 1 1
github.com/davesavic/chatsavvy/repository/message.go:22.74,27.2 1 1
github.com/davesavic/chatsavvy/repository/message.go:31.115,32.37 1 1
github.com/davesavic/chatsavvy/repository/message.go:32.37,34.3 1 1
github.com/davesavic/chatsavvy/repository/message.go:36.2,37.39 2 1
github.com/davesavic/chatsavvy/repository/message.go:37.39,39.3 1 0
github.com/davesavic/chatsavvy/repository/message.go:41.2,52.16 4 1
github.com/davesavic/chatsavvy/repository/message.go:52.16,54.3 1 0
github.com/davesavic/chatsavvy/repository/message.go:56.2,58.16 3 1
github.com/davesavic/chatsavvy/repository/message.go:58.16,60.3 1 0
github.com/davesavic/chatsavvy/repository/message.go:62.2,63.16 2 1
github.com/davesavic/chatsavvy/repository/message.go:63.16,65.3 1 0
github.com/davesavic/chatsavvy/repository/message.go:67.2,67.22 1 1
github.com/davesavic/chatsavvy/repository/message.go:72.104,73.37 1 1
github.com/davesavic/chatsavvy/repository/message.go:73.37,75.3 1 0
github.com/davesavic/chatsavvy/repository/message.go:77.2,78.31 2 1
github.com/davesavic/chatsavvy/repository/message.go:78.31,80.3 1 1
github.com/davesavic/chatsavvy/repository/message.go:82.2,86.16 4 1
github.com/davesavic/chatsavvy/repository/message.go:86.16,88.3 1 0
github.com/davesavic/chatsavvy/repository/message.go:89.2,92.50 3 1
github.com/davesavic/chatsavvy/repository/message.go:92.50,94.3 1 0
github.com/davesavic/chatsavvy/repository/message.go:96.2,97.16 2 1
github.com/davesavic/chatsavvy/repository/message.go:97.16,99.3 1 0
github.com/davesavic/chatsavvy/repository/message.go:101.2,101.35 1 1
github.com/davesavic/chatsavvy/repository/message.go:108.98,109.37 1 1
github.com/davesavic/chatsavvy/repository/message.go:109.37,111.3 1 1
github.com/davesavic/chatsavvy/repository/message.go:113.2,114.31 2 1
github.com/davesavic/chatsavvy/repository/message.go:114.31,116.3 1 1
github.com/davesavic/chatsavvy/repository/message.go:118.2,122.28 2 1
github.com/davesavic/chatsavvy/repository/message.go:122.28,124.17 2 1
github.com/davesavic/chatsavvy/repository/message.go:124.17,126.4 1 1
github.com/davesavic/chatsavvy/repository/message.go:128.3,128.45 1 1
github.com/davesavic/chatsavvy/repository/message.go:131.2,133.16 3 1
github.com/davesavic/chatsavvy/repository/message.go:133.16,135.3 1 0
github.com/davesavic/chatsavvy/repository/message.go:136.2,139.50 3 1
github.com/davesavic/chatsavvy/repository/message.go:139.50,141.3 1 0
github.com/davesavic/chatsavvy/repository/message.go:143.2,143.22 1 1
github.com/davesavic/chatsavvy/repository/message.go:148.101,149.37 1 1
github.com/davesavic/chatsavvy/repository/message.go:149.37,151.3 1 0
github.com/davesavic/chatsavvy/repository/message.go:152.2,153.16 2 1
github.com/davesavic/chatsavvy/repository/message.go:153.16,155.3 1 0
github.com/davesavic/chatsavvy/repository/message.go:156.2,158.16 3 1
github.com/davesavic/chatsavvy/repository/message.go:158.16,160.3 1 1
github.com/davesavic/chatsavvy/repository/message.go:162.2,162.83 1 1
github.com/davesavic/chatsavvy/repository/message.go:162.83,164.3 1 1
github.com/davesavic/chatsavvy/repository/message.go:166.2,166.25 1 1
github.com/davesavic/chatsavvy/repository/message.go:166.25,169.102 2 1
github.com/davesavic/chatsavvy/repository/message.go:169.102,171.4 1 1
github.com/davesavic/chatsavvy/repository/message.go:173.3,173.29 1 1
github.com/davesavic/chatsavvy/repository/message.go:173.29,178.4 1 1
github.com/davesavic/chatsavvy/repository/message.go:178.9,180.4 1 1
github.com/davesavic/chatsavvy/repository/message.go:182.3,182.46 1 1
github.com/davesavic/chatsavvy/repository/message.go:185.2,185.25 1 1
github.com/davesavic/chatsavvy/repository/message.go:185.25,196.3 2 1
github.com/davesavic/chatsavvy/repository/message.go:198.2,198.87 1 1
github.com/davesavic/chatsavvy/repository/message.go:198.87,200.3 1 1
github.com/davesavic/chatsavvy/repository/message.go:202.2,208.16 3 1
github.com/davesavic/chatsavvy/repository/message.go:208.16,210.3 1 0
github.com/davesavic/chatsavvy/repository/message.go:211.2,211.27 1 1
github.com/davesavic/chatsavvy/repository/message.go:211.27,213.3 1 0
github.com/davesavic/chatsavvy/repository/message.go:214.2,214.22 1 1
github.com/davesavic/chatsavvy/repository/message.go:220.94,221.37 1 1
github.com/davesavic/chatsavvy/repository/message.go:221.37,223.3 1 0
github.com/davesavic/chatsavvy/repository/message.go:225.2,226.16 2 1
github.com/davesavic/chatsavvy/repository/message.go:226.16,228.3 1 1
github.com/davesavic/chatsavvy/repository/message.go:230.2,231.16 2 1
github.com/davesavic/chatsavvy/repository/message.go:231.16,233.3 1 0
github.com/davesavic/chatsavvy/repository/message.go:235.2,237.16 3 1
github.com/davesavic/chatsavvy/repository/message.go:237.16,239.3 1 0
github.com/davesavic/chatsavvy/repository/message.go:241.2,241.54 1 1
github.com/davesavic/chatsavvy/repository/message.go:241.54,243.3 1 1
github.com/davesavic/chatsavvy/repository/message.go:245.2,246.16 2 1
github.com/davesavic/chatsavvy/repository/message.go:246.16,248.3 1 0
github.com/davesavic/chatsavvy/repository/message.go:249.2,249.17 1 1
github.com/davesavic/chatsavvy/repository/message.go:249.17,251.3 1 0
github.com/davesavic/chatsavvy/repository/message.go:253.2,254.38 2 1
github.com/davesavic/chatsavvy/repository/message.go:254.38,255.25 1 1
github.com/davesavic/chatsavvy/repository/message.go:255.25,256.12 1 1
github.com/davesavic/chatsavvy/repository/message.go:258.3,258.102 1 1
github.com/davesavic/chatsavvy/repository/message.go:258.102,260.9 2 1
github.com/davesavic/chatsavvy/repository/message.go:263.2,263.14 1 1
github.com/davesavic/chatsavvy/repository/message.go:263.14,265.3 1 1
github.com/davesavic/chatsavvy/repository/message.go:267.2,292.16 4 1
github.com/davesavic/chatsavvy/repository/message.go:292.16,294.3 1 0
github.com/davesavic/chatsavvy/repository/message.go:295.2,295.27 1 1
github.com/davesavic/chatsavvy/repository/message.go:295.27,297.3 1 0
github.com/davesavic/chatsavvy/repository/message.go:299.2,300.16 2 1
github.com/davesavic/chatsavvy/repository/message.go:300.16,302.3 1 0
github.com/davesavic/chatsavvy/repository/message.go:303.2,303.20 1 1
github.com/davesavic/chatsavvy/repository/message.go:303.20,305.3 1 0
github.com/davesavic/chatsavvy/repository/message.go:307.2,307.28 1 1
github.com/davesavic/chatsavvy/repository/message.go:307.28,309.42 2 1
github.com/davesavic/chatsavvy/repository/message.go:309.42,310.103 1 1
github.com/davesavic/chatsavvy/repository/message.go:310.103,312.10 2 1
github.com/davesavic/chatsavvy/repository/message.go:315.3,315.45 1 1
github.com/davesavic/chatsavvy/repository/message.go:315.45,317.4 1 0
github.com/davesavic/chatsavvy/repository/message.go:318.3,318.105 1 1
github.com/davesavic/chatsavvy/repository/message.go:318.105,320.4 1 0
github.com/davesavic/chatsavvy/repository/message.go:323.2,323.21 1 1
github.com/davesavic/chatsavvy/repository/message.go:328.100,329.37 1 1
github.com/davesavic/chatsavvy/repository/message.go:329.37,331.3 1 0
github.com/davesavic/chatsavvy/repository/message.go:333.2,336.16 4 1
github.com/davesavic/chatsavvy/repository/message.go:336.16,337.34 1 1
github.com/davesavic/chatsavvy/repository/message.go:337.34,339.19 2 1
github.com/davesavic/chatsavvy/repository/message.go:339.19,341.5 1 0
github.com/davesavic/chatsavvy/repository/message.go:342.4,342.19 1 1
github.com/davesavic/chatsavvy/repository/message.go:342.19,344.5 1 0
github.com/davesavic/chatsavvy/repository/message.go:345.4,345.20 1 1
github.com/davesavic/chatsavvy/repository/message.go:347.3,347.72 1 0
github.com/davesavic/chatsavvy/repository/message.go:350.2,354.4 1 1
github.com/davesavic/chatsavvy/repository/message.go:360.96,361.37 1 1
github.com/davesavic/chatsavvy/repository/message.go:361.37,363.3 1 0
github.com/davesavic/chatsavvy/repository/message.go:365.2,365.66 1 1
github.com/davesavic/chatsavvy/repository/message.go:365.66,367.3 1 0
github.com/davesavic/chatsavvy/repository/message.go:369.2,370.16 2 1
github.com/davesavic/chatsavvy/repository/message.go:370.16,372.3 1 0
github.com/davesavic/chatsavvy/repository/message.go:374.2,375.16 2 1
github.com/davesavic/chatsavvy/repository/message.go:375.16,377.3 1 0
github.com/davesavic/chatsavvy/repository/message.go:378.2,378.17 1 1
github.com/davesavic/chatsavvy/repository/message.go:378.17,380.3 1 1
github.com/davesavic/chatsavvy/repository/message.go:382.2,383.38 2 1
github.com/davesavic/chatsavvy/repository/message.go:383.38,384.25 1 1
github.com/davesavic/chatsavvy/repository/message.go:384.25,385.12 1 1
github.com/davesavic/chatsavvy/repository/message.go:387.3,387.33 1 1
github.com/davesavic/chatsavvy/repository/message.go:387.33,388.12 1 1
github.com/davesavic/chatsavvy/repository/message.go:390.3,390.68 1 1
github.com/davesavic/chatsavvy/repository/message.go:390.68,392.4 1 1
github.com/davesavic/chatsavvy/repository/message.go:395.2,395.21 1 1
github.com/davesavic/chatsavvy/repository/message.go:400.85,401.37 1 1
github.com/davesavic/chatsavvy/repository/message.go:401.37,403.3 1 0
github.com/davesavic/chatsavvy/repository/message.go:405.2,406.16 2 1
github.com/davesavic/chatsavvy/repository/message.go:406.16,408.3 1 0
github.com/davesavic/chatsavvy/repository/message.go:409.2,409.17 1 1
github.com/davesavic/chatsavvy/repository/message.go:409.17,411.3 1 0
github.com/davesavic/chatsavvy/repository/message.go:413.2,414.38 2 1
github.com/davesavic/chatsavvy/repository/message.go:414.38,415.102 1 1
github.com/davesavic/chatsavvy/repository/message.go:415.102,417.9 2 1
github.com/davesavic/chatsavvy/repository/message.go:420.2,420.44 1 1
github.com/davesavic/chatsavvy/repository/message.go:420.44,422.3 1 1
github.com/davesavic/chatsavvy/repository/message.go:424.2,425.36 2 1
github.com/davesavic/chatsavvy/repository/message.go:425.36,427.3 1 1
github.com/davesavic/chatsavvy/repository/message.go:433.2,436.43 2 1
github.com/davesavic/chatsavvy/repository/message.go:436.43,438.3 1 1
github.com/davesavic/chatsavvy/repository/message.go:439.2,451.16 4 1
github.com/davesavic/chatsavvy/repository/message.go:451.16,453.3 1 0
github.com/davesavic/chatsavvy/repository/message.go:455.2,455.25 1 1
github.com/davesavic/chatsavvy/repository/message.go:458.42,459.22 1 1
github.com/davesavic/chatsavvy/repository/message.go:459.22,461.3 1 0
github.com/davesavic/chatsavvy/repository/message.go:462.2,462.25 1 1
github.com/davesavic/chatsavvy/repository/message.go:462.25,464.34 2 1
github.com/davesavic/chatsavvy/repository/message.go:464.34,466.4 1 0
github.com/davesavic/chatsavvy/repository/message.go:468.2,468.13 1 1
github.com/davesavic/chatsavvy/repository/message.go:471.33,472.24 1 1
github.com/davesavic/chatsavvy/repository/message.go:473.11,475.24 2 0
github.com/davesavic/chatsavvy/repository/message.go:476.15,478.24 2 0
github.com/davesavic/chatsavvy/repository/message.go:479.14,481.24 2 1
github.com/davesavic/chatsavvy/repository/message.go:482.12,484.24 2 0
github.com/davesavic/chatsavvy/repository/message.go:485.22,487.33 2 0
github.com/davesavic/chatsavvy/repository/message.go:488.10,489.15 1 0
github.com/davesavic/chatsavvy/testutil/db.go:11.67,15.16 3 1
github.com/davesavic/chatsavvy/testutil/db.go:15.16,17.3 1 0
github.com/davesavic/chatsavvy/testutil/db.go:19.2,22.15 3 1
