mode: set
github.com/davesavic/chatsavvy/chatsavvy.go:18.52,23.16 4 0
github.com/davesavic/chatsavvy/chatsavvy.go:23.16,25.3 1 0
github.com/davesavic/chatsavvy/chatsavvy.go:27.2,34.8 2 0
github.com/davesavic/chatsavvy/data/conversation.go:10.46,12.2 1 0
github.com/davesavic/chatsavvy/data/conversation.go:20.49,22.2 1 0
github.com/davesavic/chatsavvy/data/message.go:16.41,18.2 1 0
github.com/davesavic/chatsavvy/data/message.go:26.44,28.2 1 0
github.com/davesavic/chatsavvy/data/message.go:36.40,38.2 1 0
github.com/davesavic/chatsavvy/data/participant.go:10.42,12.2 1 0
github.com/davesavic/chatsavvy/data/participant.go:19.45,21.2 1 0
github.com/davesavic/chatsavvy/migrations/1739673768_create_collections.go:11.66,80.131 2 0
github.com/davesavic/chatsavvy/migrations/1739673768_create_collections.go:80.131,82.3 1 0
github.com/davesavic/chatsavvy/migrations/1739673768_create_collections.go:84.2,144.121 3 0
github.com/davesavic/chatsavvy/migrations/1739673768_create_collections.go:144.121,146.3 1 0
github.com/davesavic/chatsavvy/migrations/1739673768_create_collections.go:148.2,155.12 2 0
github.com/davesavic/chatsavvy/migrations/1739673768_create_collections.go:158.68,159.60 1 0
github.com/davesavic/chatsavvy/migrations/1739673768_create_collections.go:159.60,161.3 1 0
github.com/davesavic/chatsavvy/migrations/1739673768_create_collections.go:163.2,163.65 1 0
github.com/davesavic/chatsavvy/migrations/1739673768_create_collections.go:163.65,165.3 1 0
github.com/davesavic/chatsavvy/migrations/1739673768_create_collections.go:167.2,167.12 1 0
github.com/davesavic/chatsavvy/migrations/migrations.go:27.56,28.46 1 0
github.com/davesavic/chatsavvy/migrations/migrations.go:28.46,30.3 1 0
github.com/davesavic/chatsavvy/migrations/migrations.go:32.2,34.38 2 0
github.com/davesavic/chatsavvy/migrations/migrations.go:34.38,35.24 1 0
github.com/davesavic/chatsavvy/migrations/migrations.go:35.24,37.4 1 0
github.com/davesavic/chatsavvy/migrations/migrations.go:37.9,39.4 1 0
github.com/davesavic/chatsavvy/migrations/migrations.go:42.2,45.16 3 0
github.com/davesavic/chatsavvy/migrations/migrations.go:45.16,47.3 1 0
github.com/davesavic/chatsavvy/migrations/migrations.go:49.2,49.25 1 0
github.com/davesavic/chatsavvy/migrations/migrations.go:49.25,50.59 1 0
github.com/davesavic/chatsavvy/migrations/migrations.go:50.59,52.12 2 0
github.com/davesavic/chatsavvy/migrations/migrations.go:55.3,55.62 1 0
github.com/davesavic/chatsavvy/migrations/migrations.go:55.62,57.12 2 0
github.com/davesavic/chatsavvy/migrations/migrations.go:60.3,61.24 2 0
github.com/davesavic/chatsavvy/migrations/migrations.go:61.24,63.4 1 0
github.com/davesavic/chatsavvy/migrations/migrations.go:63.9,65.4 1 0
github.com/davesavic/chatsavvy/migrations/migrations.go:66.3,66.17 1 0
github.com/davesavic/chatsavvy/migrations/migrations.go:66.17,67.14 1 0
github.com/davesavic/chatsavvy/migrations/migrations.go:70.3,70.24 1 0
github.com/davesavic/chatsavvy/migrations/migrations.go:70.24,72.18 2 0
github.com/davesavic/chatsavvy/migrations/migrations.go:72.18,73.15 1 0
github.com/davesavic/chatsavvy/migrations/migrations.go:76.4,76.61 1 0
github.com/davesavic/chatsavvy/migrations/migrations.go:79.3,79.26 1 0
github.com/davesavic/chatsavvy/migrations/migrations.go:79.26,81.18 2 0
github.com/davesavic/chatsavvy/migrations/migrations.go:81.18,82.15 1 0
github.com/davesavic/chatsavvy/migrations/migrations.go:85.4,85.62 1 0
github.com/davesavic/chatsavvy/migrations/migrations.go:88.2,88.12 1 0
github.com/davesavic/chatsavvy/migrations/migrations.go:91.92,95.16 3 0
github.com/davesavic/chatsavvy/migrations/migrations.go:95.16,97.3 1 0
github.com/davesavic/chatsavvy/migrations/migrations.go:99.2,100.23 2 0
github.com/davesavic/chatsavvy/migrations/migrations.go:100.23,102.17 2 0
github.com/davesavic/chatsavvy/migrations/migrations.go:102.17,104.4 1 0
github.com/davesavic/chatsavvy/migrations/migrations.go:107.2,108.16 2 0
github.com/davesavic/chatsavvy/migrations/migrations.go:108.16,109.43 1 0
github.com/davesavic/chatsavvy/migrations/migrations.go:109.43,112.4 2 0
github.com/davesavic/chatsavvy/migrations/migrations.go:114.3,114.18 1 0
github.com/davesavic/chatsavvy/migrations/migrations.go:116.2,118.23 2 0
github.com/davesavic/chatsavvy/migrations/migrations.go:118.23,122.48 2 0
github.com/davesavic/chatsavvy/migrations/migrations.go:122.48,124.4 1 0
github.com/davesavic/chatsavvy/migrations/migrations.go:126.3,126.45 1 0
github.com/davesavic/chatsavvy/migrations/migrations.go:129.2,129.31 1 0
github.com/davesavic/chatsavvy/cmd/migrate/main.go:12.13,14.19 2 0
github.com/davesavic/chatsavvy/cmd/migrate/main.go:14.19,15.51 1 0
github.com/davesavic/chatsavvy/cmd/migrate/main.go:18.2,19.46 2 0
github.com/davesavic/chatsavvy/cmd/migrate/main.go:19.46,20.67 1 0
github.com/davesavic/chatsavvy/cmd/migrate/main.go:23.2,24.16 2 0
github.com/davesavic/chatsavvy/cmd/migrate/main.go:24.16,25.13 1 0
github.com/davesavic/chatsavvy/cmd/migrate/main.go:27.2,27.15 1 0
github.com/davesavic/chatsavvy/cmd/migrate/main.go:27.15,28.47 1 0
github.com/davesavic/chatsavvy/cmd/migrate/main.go:28.47,29.14 1 0
github.com/davesavic/chatsavvy/cmd/migrate/main.go:33.2,34.16 2 0
github.com/davesavic/chatsavvy/cmd/migrate/main.go:34.16,35.13 1 0
github.com/davesavic/chatsavvy/cmd/migrate/main.go:38.2,39.16 2 0
github.com/davesavic/chatsavvy/cmd/migrate/main.go:39.16,40.13 1 0
github.com/davesavic/chatsavvy/cmd/migrate/main.go:43.2,43.34 1 0
github.com/davesavic/chatsavvy/examples/main.go:12.13,14.16 2 0
github.com/davesavic/chatsavvy/examples/main.go:14.16,15.13 1 0
github.com/davesavic/chatsavvy/examples/main.go:17.2,20.16 3 0
github.com/davesavic/chatsavvy/examples/main.go:20.16,21.13 1 0
github.com/davesavic/chatsavvy/examples/main.go:24.2,64.4 7 0
github.com/davesavic/chatsavvy/testutil/db.go:11.67,15.16 3 0
github.com/davesavic/chatsavvy/testutil/db.go:15.16,17.3 1 0
github.com/davesavic/chatsavvy/testutil/db.go:19.2,22.15 3 0
github.com/davesavic/chatsavvy/repository/conversation.go:19.56,21.2 1 0
github.com/davesavic/chatsavvy/repository/conversation.go:23.134,24.37 1 0
github.com/davesavic/chatsavvy/repository/conversation.go:24.37,26.3 1 0
github.com/davesavic/chatsavvy/repository/conversation.go:28.2,29.43 2 0
github.com/davesavic/chatsavvy/repository/conversation.go:29.43,31.3 1 0
github.com/davesavic/chatsavvy/repository/conversation.go:33.2,36.49 4 0
github.com/davesavic/chatsavvy/repository/conversation.go:36.49,41.3 1 0
github.com/davesavic/chatsavvy/repository/conversation.go:43.2,44.16 2 0
github.com/davesavic/chatsavvy/repository/conversation.go:44.16,46.3 1 0
github.com/davesavic/chatsavvy/repository/conversation.go:47.2,47.12 1 0
github.com/davesavic/chatsavvy/repository/conversation.go:47.12,49.3 1 0
github.com/davesavic/chatsavvy/repository/conversation.go:51.2,52.16 2 0
github.com/davesavic/chatsavvy/repository/conversation.go:52.16,54.3 1 0
github.com/davesavic/chatsavvy/repository/conversation.go:56.2,70.16 4 0
github.com/davesavic/chatsavvy/repository/conversation.go:70.16,72.3 1 0
github.com/davesavic/chatsavvy/repository/conversation.go:74.2,74.27 1 0
github.com/davesavic/chatsavvy/repository/conversation.go:74.27,76.3 1 0
github.com/davesavic/chatsavvy/repository/conversation.go:78.2,80.16 3 0
github.com/davesavic/chatsavvy/repository/conversation.go:80.16,82.3 1 0
github.com/davesavic/chatsavvy/repository/conversation.go:84.2,84.27 1 0
github.com/davesavic/chatsavvy/repository/conversation.go:87.140,89.16 2 0
github.com/davesavic/chatsavvy/repository/conversation.go:89.16,91.3 1 0
github.com/davesavic/chatsavvy/repository/conversation.go:93.2,113.16 6 0
github.com/davesavic/chatsavvy/repository/conversation.go:113.16,115.3 1 0
github.com/davesavic/chatsavvy/repository/conversation.go:117.2,117.27 1 0
github.com/davesavic/chatsavvy/repository/conversation.go:117.27,119.3 1 0
github.com/davesavic/chatsavvy/repository/conversation.go:121.2,123.16 3 0
github.com/davesavic/chatsavvy/repository/conversation.go:123.16,125.3 1 0
github.com/davesavic/chatsavvy/repository/conversation.go:127.2,127.27 1 0
github.com/davesavic/chatsavvy/repository/conversation.go:130.150,134.33 3 0
github.com/davesavic/chatsavvy/repository/conversation.go:134.33,141.3 1 0
github.com/davesavic/chatsavvy/repository/conversation.go:143.2,163.16 4 0
github.com/davesavic/chatsavvy/repository/conversation.go:163.16,164.34 1 0
github.com/davesavic/chatsavvy/repository/conversation.go:164.34,166.4 1 0
github.com/davesavic/chatsavvy/repository/conversation.go:167.3,167.82 1 0
github.com/davesavic/chatsavvy/repository/conversation.go:170.2,170.41 1 0
github.com/davesavic/chatsavvy/repository/conversation.go:173.107,174.37 1 0
github.com/davesavic/chatsavvy/repository/conversation.go:174.37,176.3 1 0
github.com/davesavic/chatsavvy/repository/conversation.go:178.2,179.16 2 0
github.com/davesavic/chatsavvy/repository/conversation.go:179.16,181.3 1 0
github.com/davesavic/chatsavvy/repository/conversation.go:182.2,182.12 1 0
github.com/davesavic/chatsavvy/repository/conversation.go:182.12,184.3 1 0
github.com/davesavic/chatsavvy/repository/conversation.go:186.2,192.16 2 0
github.com/davesavic/chatsavvy/repository/conversation.go:192.16,194.3 1 0
github.com/davesavic/chatsavvy/repository/conversation.go:196.2,198.16 3 0
github.com/davesavic/chatsavvy/repository/conversation.go:198.16,200.3 1 0
github.com/davesavic/chatsavvy/repository/conversation.go:202.2,202.27 1 0
github.com/davesavic/chatsavvy/repository/conversation.go:205.89,207.16 2 0
github.com/davesavic/chatsavvy/repository/conversation.go:207.16,209.3 1 0
github.com/davesavic/chatsavvy/repository/conversation.go:211.2,213.16 3 0
github.com/davesavic/chatsavvy/repository/conversation.go:213.16,214.34 1 0
github.com/davesavic/chatsavvy/repository/conversation.go:214.34,216.4 1 0
github.com/davesavic/chatsavvy/repository/conversation.go:217.3,217.66 1 0
github.com/davesavic/chatsavvy/repository/conversation.go:220.2,220.27 1 0
github.com/davesavic/chatsavvy/repository/conversation.go:223.119,224.37 1 0
github.com/davesavic/chatsavvy/repository/conversation.go:224.37,226.3 1 0
github.com/davesavic/chatsavvy/repository/conversation.go:228.2,233.16 3 0
github.com/davesavic/chatsavvy/repository/conversation.go:233.16,235.3 1 0
github.com/davesavic/chatsavvy/repository/conversation.go:237.2,243.16 3 0
github.com/davesavic/chatsavvy/repository/conversation.go:243.16,245.3 1 0
github.com/davesavic/chatsavvy/repository/conversation.go:246.2,249.56 3 0
github.com/davesavic/chatsavvy/repository/conversation.go:249.56,251.3 1 0
github.com/davesavic/chatsavvy/repository/conversation.go:253.2,253.40 1 0
github.com/davesavic/chatsavvy/repository/conversation.go:256.114,258.16 2 0
github.com/davesavic/chatsavvy/repository/conversation.go:258.16,260.3 1 0
github.com/davesavic/chatsavvy/repository/conversation.go:262.2,274.16 4 0
github.com/davesavic/chatsavvy/repository/conversation.go:274.16,276.3 1 0
github.com/davesavic/chatsavvy/repository/conversation.go:278.2,278.27 1 0
github.com/davesavic/chatsavvy/repository/conversation.go:278.27,280.3 1 0
github.com/davesavic/chatsavvy/repository/conversation.go:282.2,282.12 1 0
github.com/davesavic/chatsavvy/repository/message.go:20.74,25.2 1 0
github.com/davesavic/chatsavvy/repository/message.go:27.115,28.37 1 0
github.com/davesavic/chatsavvy/repository/message.go:28.37,30.3 1 0
github.com/davesavic/chatsavvy/repository/message.go:32.2,33.39 2 0
github.com/davesavic/chatsavvy/repository/message.go:33.39,35.3 1 0
github.com/davesavic/chatsavvy/repository/message.go:37.2,47.16 4 0
github.com/davesavic/chatsavvy/repository/message.go:47.16,49.3 1 0
github.com/davesavic/chatsavvy/repository/message.go:51.2,53.16 3 0
github.com/davesavic/chatsavvy/repository/message.go:53.16,55.3 1 0
github.com/davesavic/chatsavvy/repository/message.go:57.2,58.16 2 0
github.com/davesavic/chatsavvy/repository/message.go:58.16,60.3 1 0
github.com/davesavic/chatsavvy/repository/message.go:62.2,62.22 1 0
github.com/davesavic/chatsavvy/repository/message.go:65.104,66.37 1 0
github.com/davesavic/chatsavvy/repository/message.go:66.37,68.3 1 0
github.com/davesavic/chatsavvy/repository/message.go:70.2,71.31 2 0
github.com/davesavic/chatsavvy/repository/message.go:71.31,73.3 1 0
github.com/davesavic/chatsavvy/repository/message.go:75.2,79.16 4 0
github.com/davesavic/chatsavvy/repository/message.go:79.16,81.3 1 0
github.com/davesavic/chatsavvy/repository/message.go:82.2,85.50 3 0
github.com/davesavic/chatsavvy/repository/message.go:85.50,87.3 1 0
github.com/davesavic/chatsavvy/repository/message.go:89.2,90.16 2 0
github.com/davesavic/chatsavvy/repository/message.go:90.16,92.3 1 0
github.com/davesavic/chatsavvy/repository/message.go:94.2,94.35 1 0
github.com/davesavic/chatsavvy/repository/message.go:97.98,98.37 1 0
github.com/davesavic/chatsavvy/repository/message.go:98.37,100.3 1 0
github.com/davesavic/chatsavvy/repository/message.go:102.2,103.31 2 0
github.com/davesavic/chatsavvy/repository/message.go:103.31,105.3 1 0
github.com/davesavic/chatsavvy/repository/message.go:107.2,108.16 2 0
github.com/davesavic/chatsavvy/repository/message.go:108.16,110.3 1 0
github.com/davesavic/chatsavvy/repository/message.go:112.2,120.16 4 0
github.com/davesavic/chatsavvy/repository/message.go:120.16,122.3 1 0
github.com/davesavic/chatsavvy/repository/message.go:123.2,126.50 3 0
github.com/davesavic/chatsavvy/repository/message.go:126.50,128.3 1 0
github.com/davesavic/chatsavvy/repository/message.go:130.2,130.22 1 0
github.com/davesavic/chatsavvy/repository/message.go:133.60,135.2 1 0
